<?xml version="1.0" encoding="UTF-8"?>
<testsuites name="Mocha Tests" time="0.218" tests="29" failures="1">
  <testsuite name="Root Suite" timestamp="2020-09-27T04:14:12" tests="0" failures="0" time="0">
  </testsuite>
  <testsuite name="Accessories Controller" timestamp="2020-09-27T04:14:13" tests="6" file="/Users/johnwolfe/Development/sailsJSApp/sails2/d9848f2a-d030-4d29-9e2d-661261522a24/test/controllers/AccessoriesController.test.js" failures="0" time="0.105">
    <testcase name="Accessories Controller get /accessories" time="0.051" classname="get /accessories">
    </testcase>
    <testcase name="Accessories Controller post /accessories" time="0.023" classname="post /accessories">
    </testcase>
    <testcase name="Accessories Controller update /accessories" time="0.011" classname="update /accessories">
    </testcase>
    <testcase name="Accessories Controller update /accessories" time="0.006" classname="update /accessories">
    </testcase>
    <testcase name="Accessories Controller update /accessories" time="0.005" classname="update /accessories">
    </testcase>
    <testcase name="Accessories Controller update /variant" time="0.009" classname="update /variant">
    </testcase>
  </testsuite>
  <testsuite name="Car Controller" timestamp="2020-09-27T04:14:13" tests="2" file="/Users/johnwolfe/Development/sailsJSApp/sails2/d9848f2a-d030-4d29-9e2d-661261522a24/test/controllers/CarsController.test.js" failures="1" time="0.016">
    <testcase name="Car Controller get /car" time="0.008" classname="get /car">
    </testcase>
    <testcase name="Car Controller post /car" time="0.008" classname="post /car">
      <failure><![CDATA[Error: expected 200 "OK", got 400 "Bad Request"
    at Test._assertStatus (node_modules/supertest/lib/test.js:266:12)
    at Test._assertFunction (node_modules/supertest/lib/test.js:281:11)
    at Test.assert (node_modules/supertest/lib/test.js:171:18)
    at Server.assert (node_modules/supertest/lib/test.js:131:12)
    at Server.EventEmitter.emit (domain.js:448:20)
    at emitCloseNT (net.js:1618:8)
    at process._tickCallback (internal/process/next_tick.js:63:19)]]></failure>
    </testcase>
  </testsuite>
  <testsuite name="Manufacturer Controller" timestamp="2020-09-27T04:14:13" tests="5" file="/Users/johnwolfe/Development/sailsJSApp/sails2/d9848f2a-d030-4d29-9e2d-661261522a24/test/controllers/ManufacturerController.test.js" failures="0" time="0.033">
    <testcase name="Manufacturer Controller get /manufacturer" time="0.007" classname="get /manufacturer">
    </testcase>
    <testcase name="Manufacturer Controller post /manufacturer" time="0.007" classname="post /manufacturer">
    </testcase>
    <testcase name="Manufacturer Controller update /manufacturer" time="0.009" classname="update /manufacturer">
    </testcase>
    <testcase name="Manufacturer Controller update /manufacturer" time="0.004" classname="update /manufacturer">
    </testcase>
    <testcase name="Manufacturer Controller update /manufacturer" time="0.006" classname="update /manufacturer">
    </testcase>
  </testsuite>
  <testsuite name="Segment Controller" timestamp="2020-09-27T04:14:13" tests="5" file="/Users/johnwolfe/Development/sailsJSApp/sails2/d9848f2a-d030-4d29-9e2d-661261522a24/test/controllers/SegmentController.test.js" failures="0" time="0.033">
    <testcase name="Segment Controller get /segment" time="0.007" classname="get /segment">
    </testcase>
    <testcase name="Segment Controller post /segment" time="0.006" classname="post /segment">
    </testcase>
    <testcase name="Segment Controller update /segment" time="0.008" classname="update /segment">
    </testcase>
    <testcase name="Segment Controller update /segment" time="0.006" classname="update /segment">
    </testcase>
    <testcase name="Segment Controller update /segment" time="0.006" classname="update /segment">
    </testcase>
  </testsuite>
  <testsuite name="Variant Controller" timestamp="2020-09-27T04:14:13" tests="6" file="/Users/johnwolfe/Development/sailsJSApp/sails2/d9848f2a-d030-4d29-9e2d-661261522a24/test/controllers/VarientController.test.js" failures="0" time="0.030000000000000002">
    <testcase name="Variant Controller get /variant" time="0.006" classname="get /variant">
    </testcase>
    <testcase name="Variant Controller post /variant" time="0.006" classname="post /variant">
    </testcase>
    <testcase name="Variant Controller update /variant" time="0.005" classname="update /variant">
    </testcase>
    <testcase name="Variant Controller update /variant" time="0.005" classname="update /variant">
    </testcase>
    <testcase name="Variant Controller update /variant" time="0.005" classname="update /variant">
    </testcase>
    <testcase name="Variant Controller update /variant" time="0.003" classname="update /variant">
    </testcase>
  </testsuite>
  <testsuite name="Manufacturer Controller" timestamp="2020-09-27T04:14:13" tests="1" file="/Users/johnwolfe/Development/sailsJSApp/sails2/d9848f2a-d030-4d29-9e2d-661261522a24/test/models/Accessories.test.js" failures="0" time="0">
    <testcase name="Manufacturer Controller get /manufacturer" time="0" classname="get /manufacturer">
    </testcase>
  </testsuite>
  <testsuite name="Manufacturer Controller" timestamp="2020-09-27T04:14:13" tests="1" file="/Users/johnwolfe/Development/sailsJSApp/sails2/d9848f2a-d030-4d29-9e2d-661261522a24/test/models/Cars.test.js" failures="0" time="0">
    <testcase name="Manufacturer Controller get /manufacturer" time="0" classname="get /manufacturer">
    </testcase>
  </testsuite>
  <testsuite name="Manufacturer Controller" timestamp="2020-09-27T04:14:13" tests="1" file="/Users/johnwolfe/Development/sailsJSApp/sails2/d9848f2a-d030-4d29-9e2d-661261522a24/test/models/Manufacturer.test.js" failures="0" time="0.001">
    <testcase name="Manufacturer Controller get /manufacturer" time="0.001" classname="get /manufacturer">
    </testcase>
  </testsuite>
  <testsuite name="Manufacturer Controller" timestamp="2020-09-27T04:14:13" tests="1" file="/Users/johnwolfe/Development/sailsJSApp/sails2/d9848f2a-d030-4d29-9e2d-661261522a24/test/models/Segment.test.js" failures="0" time="0">
    <testcase name="Manufacturer Controller get /manufacturer" time="0" classname="get /manufacturer">
    </testcase>
  </testsuite>
  <testsuite name="Manufacturer Controller" timestamp="2020-09-27T04:14:13" tests="1" file="/Users/johnwolfe/Development/sailsJSApp/sails2/d9848f2a-d030-4d29-9e2d-661261522a24/test/models/Varient.test.js" failures="0" time="0">
    <testcase name="Manufacturer Controller get /manufacturer" time="0" classname="get /manufacturer">
    </testcase>
  </testsuite>
</testsuites>